{
  "0 debug pnpm:scope": {
    "selected": 1
  },
  "1 debug pnpm:package-manifest": {
    "initial": {
      "name": "vite-template-solid",
      "version": "0.0.0",
      "description": "",
      "scripts": {
        "start": "vite",
        "dev": "vite",
        "build": "vite build",
        "serve": "vite preview"
      },
      "license": "MIT",
      "devDependencies": {
        "typescript": "^4.4.3",
        "vite": "^2.5.7",
        "vite-plugin-solid": "^2.0.3"
      },
      "dependencies": {
        "shopwer": "^0.0.1",
        "solid-js": "^1.1.3"
      }
    },
    "prefix": "/home/jk/shopwer/example"
  },
  "2 debug pnpm:context": {
    "currentLockfileExists": false,
    "storeDir": "/home/jk/.pnpm-store/v3",
    "virtualStoreDir": "/home/jk/shopwer/example/node_modules/.pnpm"
  },
  "3 debug pnpm:stage": {
    "prefix": "/home/jk/shopwer/example",
    "stage": "resolution_started"
  },
  "4 debug pnpm:_dependency_resolved": {
    "resolution": "registry.npmjs.org/typescript/4.4.4",
    "wanted": {
      "dependentId": ".",
      "name": "typescript",
      "rawSpec": "^4.4.3"
    }
  },
  "5 debug pnpm:_dependency_resolved": {
    "resolution": "registry.npmjs.org/vite/2.6.14",
    "wanted": {
      "dependentId": ".",
      "name": "vite",
      "rawSpec": "^2.5.7"
    }
  },
  "6 debug pnpm:_dependency_resolved": {
    "resolution": "registry.npmjs.org/vite-plugin-solid/2.0.3",
    "wanted": {
      "dependentId": ".",
      "name": "vite-plugin-solid",
      "rawSpec": "^2.0.3"
    }
  },
  "7 debug pnpm:_dependency_resolved": {
    "resolution": "registry.npmjs.org/solid-js/1.2.3",
    "wanted": {
      "dependentId": ".",
      "name": "solid-js",
      "rawSpec": "^1.1.3"
    }
  },
  "8 debug pnpm:progress": {
    "packageId": "registry.npmjs.org/typescript/4.4.4",
    "requester": "/home/jk/shopwer/example",
    "status": "resolved"
  },
  "9 debug pnpm:progress": {
    "packageId": "registry.npmjs.org/typescript/4.4.4",
    "requester": "/home/jk/shopwer/example",
    "status": "found_in_store"
  },
  "10 debug pnpm:progress": {
    "packageId": "registry.npmjs.org/solid-js/1.2.3",
    "requester": "/home/jk/shopwer/example",
    "status": "resolved"
  },
  "11 debug pnpm:progress": {
    "packageId": "registry.npmjs.org/solid-js/1.2.3",
    "requester": "/home/jk/shopwer/example",
    "status": "found_in_store"
  },
  "12 debug pnpm:progress": {
    "packageId": "registry.npmjs.org/vite/2.6.14",
    "requester": "/home/jk/shopwer/example",
    "status": "resolved"
  },
  "13 debug pnpm:progress": {
    "packageId": "registry.npmjs.org/vite/2.6.14",
    "requester": "/home/jk/shopwer/example",
    "status": "found_in_store"
  },
  "14 debug pnpm:fetching-progress": {
    "attempt": 1,
    "packageId": "registry.npmjs.org/vite-plugin-solid/2.0.3",
    "size": 10850,
    "status": "started"
  },
  "15 error pnpm": {
    "code": "ERR_PNPM_FETCH_404",
    "hint": "shopwer is not in the npm registry, or you have no permission to fetch it.\n\nNo authorization header was set for the request.",
    "request": {
      "url": "https://registry.npmjs.org/shopwer"
    },
    "response": {
      "size": 0
    },
    "pkgName": "shopwer",
    "pkgsStack": [],
    "err": {
      "name": "pnpm",
      "message": "GET https://registry.npmjs.org/shopwer: Not Found - 404",
      "code": "ERR_PNPM_FETCH_404",
      "stack": "pnpm: GET https://registry.npmjs.org/shopwer: Not Found - 404\n    at RetryOperation._fn (/home/jk/.fnm/node-versions/v16.10.0/installation/pnpm-global/5/node_modules/.pnpm/pnpm@6.20.3/node_modules/pnpm/dist/pnpm.cjs:84882:18)\n    at processTicksAndRejections (node:internal/process/task_queues:96:5)"
    }
  }
}